<?xml version="1.0" encoding="UTF-8"?>
<testsuite name="Avatar Class" tests="2" skipped="0" failures="0" errors="0" timestamp="2023-05-28T03:15:31" hostname="gimjinhoui-MacBookPro.local" time="0.029">
  <properties/>
  <testcase name="not_discounted_cost()" classname="org.example.Chapter2Tests$Avatar" time="0.026"/>
  <testcase name="discounted_cost()" classname="org.example.Chapter2Tests$Avatar" time="0.001"/>
  <system-out><![CDATA[]]></system-out>
  <system-err><![CDATA[]]></system-err>
</testsuite>
