<?xml version="1.0" encoding="UTF-8"?>
<testsuite name="org.example.MoneyReportTest" tests="5" skipped="0" failures="0" errors="0" timestamp="2023-06-04T01:45:00" hostname="gimjinhoui-MacBookPro.local" time="0.103">
  <properties/>
  <testcase name="달러에 수를 곱한 결과를 얻어야 함" classname="org.example.MoneyReportTest" time="0.086"/>
  <testcase name="주가에 주식의 수를 곱한 결과를 얻어야 함" classname="org.example.MoneyReportTest" time="0.001"/>
  <testcase name="통화 테스트" classname="org.example.MoneyReportTest" time="0.007"/>
  <testcase name="값 객체 동등성 테스트" classname="org.example.MoneyReportTest" time="0.003"/>
  <testcase name="다른 클래스 동등성 테스트" classname="org.example.MoneyReportTest" time="0.002"/>
  <system-out><![CDATA[]]></system-out>
  <system-err><![CDATA[]]></system-err>
</testsuite>
