<?xml version="1.0" encoding="UTF-8"?>
<testsuite name="org.example.MoneyReportTest" tests="1" skipped="0" failures="0" errors="0" timestamp="2023-06-04T00:25:11" hostname="gimjinhoui-MacBookPro.local" time="0.102">
  <properties/>
  <testcase name="값 객체 동등성 테스트" classname="org.example.MoneyReportTest" time="0.102"/>
  <system-out><![CDATA[]]></system-out>
  <system-err><![CDATA[]]></system-err>
</testsuite>
