<?xml version="1.0" encoding="UTF-8"?>
<testsuite name="org.example.MoneyReportTest" tests="1" skipped="0" failures="0" errors="0" timestamp="2023-06-11T06:43:55" hostname="gimjinhoui-MacBookPro.local" time="0.069">
  <properties/>
  <testcase name="다른 통화 더하기 테스트" classname="org.example.MoneyReportTest" time="0.069"/>
  <system-out><![CDATA[]]></system-out>
  <system-err><![CDATA[]]></system-err>
</testsuite>
