<?xml version="1.0" encoding="UTF-8"?>
<testsuite name="org.example.MoneyReportTest" tests="1" skipped="0" failures="0" errors="0" timestamp="2023-06-11T01:29:26" hostname="gimjinhoui-MacBookPro.local" time="0.098">
  <properties/>
  <testcase name="간단한 더하기 테스트" classname="org.example.MoneyReportTest" time="0.098"/>
  <system-out><![CDATA[]]></system-out>
  <system-err><![CDATA[]]></system-err>
</testsuite>
